Arguments: 
  /usr/local/bin/node /usr/local/bin/yarn add jest -D

PATH: 
  /Library/Frameworks/Python.framework/Versions/3.10/bin:/usr/local/bin:/usr/bin:/bin:/usr/sbin:/sbin:/Library/Apple/usr/bin:/Library/Frameworks/Python.framework/Versions/3.10/bin:/Users/aram/Library/Android/sdk/emulator:/Users/aram/Library/Android/sdk/tools:/Users/aram/Library/Android/sdk/tools/bin:/Users/aram/Library/Android/sdk/platform-tools:/Users/aram/Library/Android/sdk/emulator:/Users/aram/Library/Android/sdk/tools:/Users/aram/Library/Android/sdk/tools/bin:/Users/aram/Library/Android/sdk/platform-tools

Yarn version: 
  1.22.17

Node version: 
  16.13.1

Platform: 
  darwin x64

Trace: 
  Error: ENOENT: no such file or directory, copyfile '/Users/aram/Library/Caches/Yarn/v6/npm-ms-2.1.3-574c8138ce1d2b5861f0b44579dbadd60c6615b2-integrity/node_modules/ms/license.md' -> '/Users/aram/Documents/projects/booze/node_modules/nodemon/node_modules/ms/license.md'

npm manifest: 
  {
    "name": "booze",
    "version": "0.0.19",
    "description": "cross platform client http framework",
    "main": "./src/index.ts",
    "scripts": {
      "test": "echo \"Error: no test specified\" && exit 1",
      "dev": "nodemon --exec 'ts-node' ./debug/index.ts"
    },
    "repository": {
      "type": "git",
      "url": "git+https://github.com/hiNISAL/booze.git"
    },
    "keywords": ["http", "request", "decorator", "http framework", "xhr", "XMLHttpRequest", "fetch"],
    "author": "",
    "license": "MIT",
    "bugs": {
      "url": "https://github.com/hiNISAL/booze/issues"
    },
    "homepage": "https://github.com/hiNISAL/booze#readme",
    "devDependencies": {
      "@types/isarray": "^2.0.0",
      "axios": "^1.2.1",
      "axios-jsonp": "^1.0.4",
      "nodemon": "^2.0.20",
      "ts-node": "^10.9.1",
      "typescript": "^4.9.4"
    },
    "dependencies": {
      "qs": "^6.11.0",
      "@types/qs": "^6.9.7"
    }
  }

yarn manifest: 
  No manifest

Lockfile: 
  No lockfile
